epoch,acc,f1,loss,val_acc,val_f1,val_loss
0,0.97532916241955,0.6715194779645819,0.32848052224497465,0.9848629538011204,0.8084413458249695,0.19155865428275143
1,0.9861366798575469,0.8297890041869566,0.17021099581018986,0.9878208562360783,0.8375468309562081,0.1624531690437919
2,0.9881908204399366,0.8543583040800886,0.14564169592347834,0.9898474763883388,0.8721641346452703,0.12783586536043678
3,0.9900705254612093,0.88107045570621,0.11892954431608325,0.9900073699227971,0.8696495403518899,0.1303504596538171
4,0.9910527747488259,0.8952719782650677,0.10472802173493238,0.9915245278773751,0.897528485536621,0.10247151445767196
5,0.9915616094883444,0.9001472539146089,0.09985274608360767,0.9918495266431139,0.8987871602559994,0.1012128397497077
6,0.9920526256350346,0.9063283961961115,0.09367160383242384,0.9911085290956296,0.89315231296379,0.10684768704334377
7,0.9916390074207974,0.8991933231941474,0.1008066767844511,0.9924486128136099,0.9096533029869182,0.090346697005948
8,0.9926603762572043,0.9148006738259481,0.0851993261740519,0.9929943764086474,0.9152917395670813,0.08470826042150456
9,0.9932289198754346,0.9206428142119668,0.07935718577376548,0.9928261579932129,0.9149961701438418,0.08500382985615812
10,0.9935711638788663,0.9257284402676078,0.07427155970385685,0.9934918437137407,0.921494769529564,0.078505230470436
11,0.9930987676433657,0.9182254703496435,0.08177452967889187,0.9930702087204377,0.9172378455665732,0.08276215443342684
12,0.9939584382782947,0.9304021849845936,0.0695978150154064,0.993321407758975,0.9209581330926516,0.0790418669073484
13,0.9937590498638446,0.9261270901940875,0.07387290977737722,0.9929477397804742,0.9144890008787459,0.08551099911269353
14,0.9938459678862297,0.9271142418553024,0.07288575811616217,0.9937292977979201,0.9243139446306758,0.07568605536932417
15,0.9942557113876475,0.9339375372809133,0.06606246269055135,0.9941176455945907,0.9297921830086998,0.07020781698559309
16,0.9945544938002907,0.9380993704739223,0.06190062952607767,0.9940334679933399,0.9285638204985128,0.07143617950148712
17,0.9942617490003046,0.931038987611669,0.06896101237941364,0.9943650130429336,0.9323671874713276,0.06763281252867233
18,0.9948618436444084,0.9413192028266084,0.05868079717339158,0.9944292507332342,0.9336070861511877,0.06639291385451937
19,0.9949517548540825,0.9417635103604178,0.05823648963244835,0.9944773356332856,0.9337464721665808,0.06625352783341922
20,0.9947729433737966,0.9391788997794763,0.06082110024192515,0.9943495849593303,0.9323534798982818,0.06764652011313232
21,0.9935057928328402,0.9217085532190608,0.0782914467809393,0.9941121038921215,0.929564594720251,0.07043540527974906
22,0.9950366916669278,0.94219483812534,0.05780516185325848,0.9946475385112902,0.9358254334151357,0.06417456658486433
23,0.9953707948195802,0.9472695334986772,0.05273046650132289,0.9948432417219053,0.937974232999085,0.06202576700091499
24,0.9951346440362729,0.9438513635858545,0.05614863641414548,0.9948227179548103,0.9382800525664279,0.061719947439279194
25,0.9954835385118395,0.9480325832352333,0.051967416764766676,0.9945576070415156,0.935413127568879,0.06458687243540139
26,0.9954876419982889,0.9480721367097183,0.05192786326174625,0.9948806696036728,0.9384071328479273,0.06159286716348684
27,0.9955318686675404,0.9488814964645076,0.051118503535492396,0.994832326104841,0.9384333830196959,0.0615666169902914
28,0.9955194864018307,0.9485471923316589,0.051452807668341115,0.9949909802005465,0.9408096887516546,0.059190311248345374
29,0.9956001218298485,0.9489893396436735,0.051010660356326565,0.9945537754513212,0.935310923576081,0.0646890764353331
30,0.995752633633809,0.9515849680039491,0.048415031996050906,0.9950716763517948,0.9410268910220645,0.05897310897793545
31,0.9958597551881468,0.9525627006017947,0.04743729939820528,0.9951874785202302,0.9425842055458075,0.05741579445419253
32,0.9958016641041366,0.9524482492284727,0.04755175077152727,0.9952307027311263,0.9431124317696249,0.056887568230375114
33,0.9960037514379042,0.9546588400984486,0.04534115990155139,0.9952021826733487,0.9432998316491623,0.056700168350837736
34,0.9956517068420229,0.9494494748915671,0.05055052512270059,0.9951038151488638,0.9419444985702,0.05805550142979996
35,0.9960209087410543,0.9538697909823451,0.04613020904262328,0.9952294170422739,0.9427003767334241,0.057299623266575846
36,0.9960328311081912,0.9542935911561738,0.045706408843826124,0.995357632317428,0.9447227989700461,0.05527720102995395
37,0.9961537741258746,0.9563227375660396,0.043677262433960445,0.9952015042168023,0.9430837107773076,0.05691628922269245
38,0.9949928678712001,0.9408882321217014,0.0591117678497633,0.9951765629488223,0.9425936921352356,0.05740630786476442
39,0.9961201878102608,0.9551368668783857,0.04486313315014965,0.995440105878727,0.9453279402510776,0.05467205974892244
40,0.9960044810069744,0.953649378539684,0.04635062146031596,0.9953616101455981,0.944850015119774,0.055149984880226044
41,0.9961786636193106,0.9555204160545736,0.04447958393829255,0.9954370681192171,0.9456887070313581,0.054311292968641886
42,0.9963084074648255,0.9579112782121298,0.04208872178787018,0.9954035687565301,0.944861980381253,0.055138019618746974
43,0.9958130836783584,0.9511531983662364,0.04884680166229897,0.9886044699403346,0.8636369453575455,0.13636305475088883
44,0.9954317125928032,0.9477277425617516,0.05227225743824839,0.9953759851148877,0.9449212459575532,0.05507875404244682
45,0.996339767086967,0.9581804698463694,0.041819530147923584,0.9951407739094326,0.9408381776259988,0.05916182237400126
46,0.9960273441022861,0.9525149484581986,0.04748505154180143,0.9928628850010609,0.9140583404644108,0.08594165954129626
47,0.9961475451437279,0.9557454029133109,0.04425459708668911,0.9955300579852685,0.9467346343853519,0.05326536561464816
48,0.9961457207302443,0.9554525470194896,0.04454745298051049,0.9953068366501807,0.9441623185978498,0.055837681402150174
49,0.9963874186034953,0.9588401464838856,0.04115985351611444,0.9953658395414378,0.9437286796263012,0.05627132037369879
50,0.9964491323875039,0.9597795832458468,0.040220416754153165,0.9954178503581456,0.9449835239767983,0.05501647602320174
51,0.996498637126808,0.9594381267867614,0.04056187322750625,0.9955950669975675,0.9468738024876703,0.0531261975123297
52,0.996433054462606,0.9587173761192842,0.04128262388071581,0.994797167171696,0.9379052527788178,0.062094747221182245
53,0.9964287070673756,0.9592606960950981,0.04073930390490193,0.99536352680817,0.9443654435569415,0.05563455644305845
54,0.9965706113561822,0.9608191656871163,0.03918083430432305,0.9952801163741704,0.9430908598419534,0.05690914015804657
55,0.9963463230271853,0.9580329497944391,0.0419670502055609,0.9955537357078298,0.9465674866620082,0.05343251333799183
56,0.9965844504772041,0.9608745583511777,0.03912544164882223,0.9954730425242582,0.9460110386090916,0.0539889613909084
57,0.9960792442474818,0.9542269100121546,0.04577308995931005,0.9952156477073105,0.9427124610672231,0.05728753893277692
58,0.996658973404385,0.9618478081592514,0.03815219184074855,0.9956984348289815,0.9483890739814936,0.051610926018506344
59,0.9965666610589204,0.9595889685734713,0.04041103142652873,0.9956469369637743,0.9480102801405119,0.051989719859488116
60,0.9966812918739545,0.9621898038138014,0.03781019618619862,0.9955876103674758,0.9474359092380022,0.052564090761997743
61,0.9963724529866468,0.9574732489395945,0.04252675106040549,0.9949647041629074,0.9395135364647526,0.060486463535247476
62,0.99657082248355,0.960842518423399,0.03915748157660105,0.9957477128720292,0.9490650197136498,0.0509349802863502
63,0.9957746653915684,0.9502661549031438,0.04973384509685623,0.9954731123788017,0.9454854552155023,0.05451454478449769
64,0.9966117014651187,0.9604577236248474,0.03954227636801882,0.9957048173883964,0.9484846689426227,0.05151533105737722
65,0.99672629078975,0.9613540972180291,0.038645902774837086,0.9951776138716207,0.9418187264691181,0.05818127353088192
66,0.9966661333124649,0.9618892306479765,0.03811076935202351,0.9956767685976763,0.9484905717999302,0.05150942818865562
67,0.9968399283005698,0.9641231235554738,0.035876876444526216,0.995616057831316,0.9475929332117339,0.05240706678826614
68,0.9967166600397198,0.9619048034400604,0.038095196559939606,0.9956525944969472,0.9474479495588731,0.05255205044112686
69,0.9968336235741827,0.9635665538049849,0.03643344619501509,0.9954991078568528,0.9458489063963128,0.054151093603687146
70,0.9964920682543679,0.9580970221842567,0.04190297787192223,0.9956650779147752,0.9480431230074599,0.05195687699254013
71,0.9958199979655362,0.9483481834588016,0.05165181656259999,0.9954763166934583,0.9456509160429342,0.0543490839570658
72,0.996208579580887,0.9546220320330776,0.045377967938387,0.9942385935774255,0.9323812098292636,0.06761879016502932
73,0.9965930350755468,0.9611065057514728,0.038893494248527165,0.9957865410406258,0.9494094872830792,0.05059051271692084
74,0.9968710770122122,0.9639738935111173,0.03602610648888274,0.9957141666200507,0.9481714843607917,0.051828515639208324
75,0.9968928641877564,0.9644372223186931,0.035562777681306876,0.9957423826964228,0.9486626454670737,0.0513373545329263
76,0.9968590911938651,0.9638417069252676,0.0361582930747324,0.9958145471881149,0.9494693382050698,0.050530661800637276
77,0.9958468575967951,0.9506297119501129,0.04937028804988708,0.9956850875889557,0.9482790985494589,0.05172090145054105
78,0.996353242165373,0.9564523497722652,0.043547650284805506,0.9946207960918461,0.9350516187281774,0.06494838127182252
79,0.9966072717511029,0.9604113582095074,0.039588641819028006,0.9957510083628449,0.9490145841397256,0.05098541586027434
80,0.9969460743681675,0.9652341411333804,0.034765858866619634,0.9957630247140196,0.9490992491704575,0.05090075082954252
81,0.9966038001971608,0.9608544439864953,0.039145556013504695,0.9956296390612341,0.9474949469880463,0.05250505301195376
82,0.9959658062900907,0.9510401284050344,0.048959871616367175,0.9955705681416962,0.946901763868898,0.05309823613110195
83,0.9964531407028449,0.9577407980561028,0.04225920191536184,0.9956948832048397,0.9486027618150334,0.05139723818496651
84,0.9969500019284603,0.9654079695877468,0.03459203041225318,0.995834064730188,0.9499461162094868,0.05005388379051328
85,0.9969795246728761,0.9645174204880869,0.035482579540448464,0.994523620203691,0.9308229790296375,0.06917702097036244
86,0.996893039954115,0.964242995527228,0.03575700447277199,0.9958110154702352,0.9497741025236547,0.05022589747634531
87,0.9961808853476315,0.9541448845243783,0.04585511544708638,0.9957295484078976,0.9489287416718555,0.051071258328144506
88,0.9968698963905285,0.9630078197435852,0.03699218024928101,0.9956304814248467,0.9476620627061383,0.05233793729386171
89,0.9963177522221364,0.9575990930524926,0.04240090694750739,0.9955780939414829,0.9466770528057716,0.05332294719422836
90,0.9969397267816807,0.9649018739224942,0.03509812607750588,0.9958145689206396,0.9497782647815165,0.05022173521848348
91,0.9970207786774644,0.9657279928494851,0.03427200715051488,0.9959218876428505,0.9508927805311421,0.049107219468857856
92,0.9969700346477914,0.9642413214065937,0.03575867860767404,0.9956496498768287,0.9482743039938373,0.05172569600616274
93,0.9966767810852944,0.9621007263158209,0.03789927368417913,0.9958520652872537,0.9503098452104914,0.0496901547895086
94,0.9969940703863022,0.9655239490976921,0.034476050902307834,0.9958606665274139,0.9503937224828617,0.04960627751713829
95,0.9970251264493615,0.9657114357475302,0.03428856425246988,0.9958900743770855,0.9507095801880514,0.0492904198119486
96,0.9970200836247569,0.9659254931481301,0.034074506851869815,0.9957877093921078,0.949242983477091,0.050757016522909024
97,0.9965195651257097,0.9586147891849063,0.04138521083649526,0.995464088815421,0.945909934042058,0.05409006595794198
98,0.9969608422692641,0.9650050135509852,0.03499498644901482,0.9959423191836856,0.9508407848495855,0.04915921515041455
99,0.9969137324222154,0.9638742189576164,0.036125781035249785,0.9959195755944312,0.9509911262774459,0.049008873722554164
