epoch,acc,f1,loss,lr,val_acc,val_f1,val_loss
0,0.9669265638032172,0.7072760033723856,0.6514378176372695,0.001,0.9900270378509093,0.8080775810519295,0.601296229835066
1,0.991226251035718,0.8215131494049585,0.5934189465647179,0.001,0.9918846504106481,0.8441210795783866,0.5819293770827775
2,0.9924997715665256,0.847089128144153,0.5798582814778673,0.001,0.9922637497929654,0.8496147725339964,0.5784615769318585
3,0.9927832929313564,0.8524868382620213,0.5765976633539878,0.001,0.9930533434836081,0.8644895575088309,0.5705668952993875
4,0.9933366193628984,0.8644542781678938,0.570333442947081,0.001,0.9932296473136626,0.8645645971630197,0.5700371336734924
5,0.9934822366958472,0.866911968280235,0.5688907013829214,0.001,0.9934553785120979,0.8712796890952669,0.5667300560173267
6,0.9935341211373546,0.8676453164186838,0.5682836844896473,0.001,0.9933635436982124,0.8698295594067095,0.5672921595684813
7,0.9938240831243855,0.8731675784013109,0.5649458721618382,0.001,0.9935986253727374,0.8684627472241829,0.5672804834533363
8,0.9938004517691063,0.8729837479068816,0.5654483284580591,0.001,0.9936396224684668,0.8745044790891715,0.564768352603279
9,0.9938389459045632,0.8736850741252145,0.5650010938849991,0.001,0.9936353181026296,0.8724660369780115,0.5656130452698263
10,0.9938914974467972,0.8751772740933506,0.5641941713913454,0.001,0.9933980125667276,0.8720319412028436,0.565863726803299
11,0.9938483779253816,0.8741273185774837,0.5646873964602257,0.001,0.9937948501493654,0.874612535252872,0.5643055828101143
12,0.9939197096351372,0.8752920935624983,0.5640721055085399,0.001,0.9936115001466393,0.8738127135266748,0.5648971458528645
13,0.993876945830474,0.8743381788076167,0.5639483745827546,0.001,0.9938683451812291,0.8769223255539464,0.5631538284926512
14,0.993975927264871,0.8763541826838458,0.5634485990741559,0.001,0.9939847567722203,0.8796323603553405,0.5618155515099751
15,0.9938700511389944,0.8735727130648355,0.5648240797580635,0.001,0.9935685453799313,0.8716843841166809,0.5658624638782721
16,0.9937103615437525,0.8700145014528998,0.5666097190865316,0.001,0.9936518126250433,0.8707144066160738,0.5660650996589639
17,0.9937592753341976,0.8717408347826355,0.5657496716372731,0.001,0.9936360026244021,0.8742106680224118,0.5646153223633316
18,0.9942797526155369,0.8826180626083269,0.5602073626160461,0.0005,0.9941955006956631,0.88504232940403,0.5590354801725853
19,0.9944556293228592,0.8858866964947235,0.5585217086654747,0.0005,0.9943018475171832,0.8872467079933029,0.5578993232296898
20,0.9945019468516244,0.8869613759356795,0.557963443005144,0.0005,0.9942997243277986,0.8875782948090123,0.5577337125875717
21,0.9946035289961659,0.8898084629142026,0.5565333968054395,0.0005,0.9944190543896142,0.8896026109469711,0.5566957432161993
22,0.9946065646132365,0.889502244113951,0.5566741239877478,0.0005,0.9943719484150021,0.8896250041997489,0.5567070378561576
23,0.9947043514395725,0.8916599525843193,0.5555611182295254,0.0005,0.9944564889389994,0.8901892051204815,0.5563864382452044
24,0.9947090872675748,0.8916856869182825,0.5555540125764057,0.0005,0.9945515090283776,0.892470773540247,0.5552298869926141
25,0.9947422617648449,0.8920907690405072,0.555352348458985,0.0005,0.9944716949964135,0.8905879139122133,0.5561885067882317
26,0.9947486174396337,0.8917105767470331,0.5555288689821299,0.0005,0.9945515494814555,0.8925101510590873,0.5552136242546659
27,0.9947770535442518,0.8935802068931061,0.5545899737031756,0.0005,0.9945319964688326,0.8927909692892924,0.5550881517202355
28,0.994829552851583,0.8942695478068738,0.5542332743725418,0.0005,0.9946085416163609,0.892748343491355,0.5550426429084906
29,0.9948197887333616,0.8935635948426185,0.5545772875973963,0.0005,0.9945383281160654,0.8927550289579838,0.5550889800630402
30,0.9948376393441716,0.8941161046046975,0.5542908938145856,0.0005,0.9946107204722386,0.8940194931675121,0.554444135259165
31,0.9948732037776451,0.8942627600180335,0.5542272473892739,0.0005,0.9945969919657142,0.8926636079708271,0.5550855033847866
32,0.9948857886966438,0.8954425572526536,0.5536060535676705,0.0005,0.9946325264899274,0.8922409573385399,0.5551937096077703
33,0.9948160182016516,0.8936053510419468,0.5545459733670448,0.0005,0.9944286141337692,0.8907473689636441,0.5561186781893832
34,0.9950802319940074,0.8991593130843434,0.5517150057924831,0.00025,0.9948579781819602,0.8986886558316491,0.5520242588716343
35,0.9951749880578494,0.9008206909206259,0.5508738745156764,0.00025,0.9949634998002768,0.8993737846254606,0.5515791636404407
36,0.9952103263073007,0.9025577756559363,0.5500008841578037,0.00025,0.9949369959155268,0.9005381196931809,0.5510886128205662
37,0.9952564479688315,0.9031862512673245,0.5496836992751784,0.00025,0.9950452137072581,0.9015660321236093,0.5505111691100784
38,0.9953130752156217,0.9038453264505508,0.5493218954161437,0.00025,0.9949623380727843,0.9016263828468148,0.5505649665302118
39,0.9953393332107979,0.9039533683549037,0.5487255833027532,0.00025,0.9950714507532136,0.9028433134271069,0.5499064660926845
40,0.9953510460584383,0.9050697168354889,0.5487061300946874,0.00025,0.9950614438411312,0.9018893849463393,0.5503402130513424
41,0.9953800698773785,0.9049872754468615,0.5487409205192493,0.00025,0.9951235609039277,0.9031634991021278,0.5496958918373814
42,0.9953927969066411,0.9059828154371372,0.5482455491371239,0.00025,0.9950898878150934,0.9029386290485037,0.5498385471425679
43,0.9954158261920437,0.9056759679598341,0.5483900041667019,0.00025,0.9951330246581909,0.9035873228190733,0.5494896433108535
44,0.9954329329110868,0.9068886279438702,0.5477840814779245,0.00025,0.9951850357544896,0.9040086768984754,0.5492336640963504
45,0.9954467292849776,0.9065860652466026,0.5473631127441491,0.00025,0.9951099750922743,0.9042415457070522,0.5492166282111504
46,0.9954589295440507,0.9068598687172701,0.547782954531911,0.00025,0.9951732376863167,0.9045109133068999,0.5490468275529282
47,0.9954790084157472,0.906746108689073,0.5473104235486473,0.00025,0.9952142653317301,0.9051459763012677,0.5487004926930066
48,0.9954618616690566,0.9058759197136712,0.5483250712512958,0.00025,0.9949392745970697,0.9001481482202649,0.5512900412130448
49,0.9955075351345778,0.9073659122290522,0.5469617638114678,0.00025,0.9952022145256668,0.9056644393968293,0.5484754970553376
50,0.9955452529677838,0.9091454480877962,0.546613928816511,0.00025,0.9952682199639771,0.9066713818512216,0.5479361863940575
51,0.9955607304550945,0.9088130924477544,0.5468073815976733,0.00025,0.9953026338416959,0.9072715044226363,0.5476377178928389
52,0.9955748748859155,0.9089112333535964,0.5467577049766403,0.00025,0.995245826328987,0.9062536117698297,0.5481652813133582
53,0.9955660425699674,0.9092926220215277,0.5465415041990876,0.00025,0.9952656480914659,0.9071330463751122,0.5477376981220007
54,0.9955963200368103,0.909673981207078,0.5463356556328889,0.00025,0.9953048975077552,0.906900108413408,0.5478012592102072
55,0.9956764889153842,0.9113707737540991,0.5454793288625077,0.000125,0.995344288267522,0.9072967060759184,0.5475676993685982
56,0.99572035014614,0.9127006471807195,0.5445213029087775,0.000125,0.9954368237106985,0.9098019395635721,0.5463236016013922
57,0.9957544436616809,0.9128321167366875,0.5447293563127442,0.000125,0.9954240062140414,0.9098829858207244,0.546311425300012
58,0.9957665109394828,0.9133598921461494,0.5444606642238342,0.000125,0.995427947771668,0.9099480742566244,0.5462701847145651
59,0.9957880690817139,0.914060331444433,0.5441100531891733,0.000125,0.9954753473808876,0.9106250791755531,0.5459060449173234
60,0.995798235203241,0.9144715327837879,0.5439072044902266,0.000125,0.9954962581754427,0.9106161077039207,0.5458833972135252
61,0.9958085714687187,0.9141479157953742,0.544055995412602,0.000125,0.9954979345791121,0.9111534841183765,0.5456473767846144
62,0.9958299342743917,0.9147031429378328,0.5437857684772139,0.000125,0.995477863655158,0.9108419703697402,0.5458154582859901
63,0.9958410369179667,0.9148191512953436,0.5437139127240221,0.000125,0.9955050084894771,0.9111308334524328,0.5456417838309238
64,0.9958506574311581,0.9152259972485153,0.5432289091544436,0.000125,0.995528100412708,0.9117404450450746,0.5453470390467904
65,0.995871311204166,0.9148183654266333,0.5437004576908528,0.000125,0.9955202584740059,0.910690560826018,0.5458053919740194
66,0.9958708325036695,0.9159834567020291,0.542852571172625,0.000125,0.9955575236419106,0.9118446054142474,0.5452612807329449
67,0.9958782153266632,0.915257930445912,0.5429376551402001,0.000125,0.9955653796064393,0.911920530579282,0.5452013946161037
68,0.9958935295858752,0.9161156319445023,0.5430596867235877,0.000125,0.9955190563480373,0.9118838977679946,0.5452882511965478
69,0.9959018680181905,0.915711074820952,0.5432488332479055,0.000125,0.9955164703473212,0.9121276933781323,0.5451725590315032
70,0.9959160382678509,0.9164361182190415,0.54288763860837,0.000125,0.995585857333971,0.9125831808664948,0.5448877626195419
71,0.9959237053728012,0.9160891907658463,0.5430700598565458,0.000125,0.9955964674658072,0.9126534642843424,0.5448509589866526
72,0.9959237512327661,0.9164811448246051,0.5428567116520782,0.000125,0.9955912667848011,0.9126403650630862,0.544862083398803
73,0.9959394881199822,0.9161311651016059,0.543102239162205,0.000125,0.9956126129260031,0.9131970504407796,0.5445903196895053
74,0.995949778906012,0.916920424615114,0.5426166334476702,0.000125,0.995605998298331,0.9132535726251737,0.5445679070667536
75,0.9959585431913401,0.916585904531818,0.5428034502325342,0.000125,0.9956147363474452,0.9135740297664882,0.5444193016031715
76,0.9959647039715163,0.917505435409037,0.5423485019096361,0.000125,0.9956385286542595,0.9133271924015802,0.5444932117995072
77,0.9959503273537204,0.9170019679932456,0.5423347924659399,0.000125,0.9955573141213123,0.9120446921186623,0.545183635203
78,0.9959435167052847,0.9170707280307326,0.5425757983108243,0.000125,0.9956164270567754,0.9133203655573479,0.5445368320251486
79,0.9960089671851017,0.9185455892174145,0.5418222256889768,6.25e-05,0.9956730932601331,0.9141110739155923,0.5441022550310314
80,0.9960340123790725,0.9186719876946355,0.5417308823788171,6.25e-05,0.99567140276921,0.9144769061284691,0.5439419831714174
81,0.9960542820535453,0.9193863390012882,0.5409111011339187,6.25e-05,0.9957034256700441,0.9148760619925753,0.5437193868305762
82,0.9960609842666094,0.9195353149726148,0.5407635288314151,6.25e-05,0.9956986742932594,0.9150158899982238,0.5436667316109812
83,0.9960779996462396,0.9200160710845947,0.5410665734552544,6.25e-05,0.995717558557193,0.915350914410978,0.543488359698367
84,0.9960811417807401,0.9199086537338894,0.5411234094095914,6.25e-05,0.9957234435210888,0.9153836856835161,0.5434701647202091
85,0.9960915971770151,0.9199057780802361,0.540552181137379,6.25e-05,0.9957119547650534,0.9155921272077772,0.5433858631539833
86,0.9961028421816881,0.9206315358011139,0.5407520622720576,6.25e-05,0.9957332703429209,0.9158040053189503,0.5432625298618546
87,0.996108936540336,0.9205489584109693,0.540781060062277,6.25e-05,0.9957473607362511,0.9157371185946053,0.5432730985509562
88,0.9961121840404776,0.9206074367376693,0.5407574860763189,6.25e-05,0.9957192919855742,0.9154254186471467,0.5434620418895851
89,0.9961212942890398,0.9203469873906728,0.5409035811883333,6.25e-05,0.9957462263028127,0.9158176596626362,0.5432426531563561
90,0.9961393231216794,0.9205969743504627,0.5408167340521965,3.125e-05,0.9957584303828376,0.916143646132942,0.5430820378243794
91,0.9961530225678487,0.9214977895594808,0.5403160522598456,3.125e-05,0.9957721288447444,0.9163839251714161,0.5429576905502919
92,0.9961631322073583,0.9213625970858992,0.5403705427455594,3.125e-05,0.995778195434565,0.9164991295106985,0.5429035511729945
93,0.9961715191700822,0.9219322145003969,0.5400867335597941,3.125e-05,0.9957844993031532,0.9166597285781763,0.5428179371238205
94,0.9961739861805806,0.9213378853561207,0.5403815190933574,3.125e-05,0.9957913351088991,0.916702703888796,0.5427903022250673
95,0.9961708933972448,0.9207243901042053,0.540636286140768,3.125e-05,0.9957830183055274,0.916704874185848,0.5428004344277102
96,0.9961860953920273,0.9219154985756214,0.5400821822278844,3.125e-05,0.9957896438808522,0.9168370970469712,0.542729872615971
97,0.9961930316861191,0.921943945090704,0.5400514965397825,1.5625e-05,0.9957988702539697,0.9169439699018341,0.5426707185858592
98,0.9961992454912397,0.9224928793590194,0.5397974385967038,1.5625e-05,0.9958009102712255,0.9169723409960991,0.5426547103808342
99,0.9962029493164605,0.9222824571281523,0.5398985403139187,1.5625e-05,0.9957997075651133,0.9170491031924433,0.5426250971921132
