epoch,acc,f1,loss,val_acc,val_f1,val_loss
0,0.9785944116329066,0.7304764894716855,0.26952351053512236,0.9880073956317372,0.8432061548905763,0.1567938451094237
1,0.9895430284808253,0.8746799223822112,0.12532007761778888,0.9913981041451644,0.8951319375930474,0.10486806240695262
2,0.9923687368762075,0.9092846460836498,0.09071535391635016,0.9929418730282644,0.9153074030900559,0.08469259690994407
3,0.9922210901801349,0.9067590236282576,0.09324097634451083,0.9914563699946766,0.8959541505540324,0.10404584944596765
4,0.9937370143373284,0.9260885077501424,0.07391149224985762,0.9943039181113941,0.9308699427815209,0.06913005721847913
5,0.9946739069834264,0.9377367224500716,0.06226327754992839,0.9947477197873662,0.9370586185863143,0.06294138141368565
6,0.9949245113465521,0.9406045883545402,0.05939541164545985,0.9950779023749089,0.941435816082341,0.058564183917659066
7,0.9951417599287298,0.9430575317196679,0.05694246828033213,0.9950193900898187,0.9402458931793246,0.05975410682067536
8,0.9956261875510913,0.9491333654422683,0.05086663455773167,0.9954608887085441,0.9462056051917941,0.05379439480820594
9,0.9957056931868108,0.9503317093313263,0.04966829066867368,0.9954394719056916,0.9455383132424271,0.05446168675757291
10,0.9955930876060884,0.9482691066110867,0.05173089338891339,0.9956865151636085,0.9487076875759147,0.051292312424085294
11,0.9962832747648159,0.9571274320066673,0.04287256799333277,0.9961409989679069,0.9538960141396662,0.046103985860333804
12,0.9962788302211734,0.95706347751905,0.04293652248095002,0.9962240304166113,0.9550812554638288,0.04491874453617118
13,0.9965231983829834,0.9598635106472767,0.04013648935272331,0.9963869234187561,0.9569597094815377,0.04304029051846231
14,0.9963813634338783,0.9582590453805979,0.041740954619402075,0.9955056855204509,0.9461424395616291,0.053857560438370845
15,0.9966165530685968,0.9610032203405747,0.03899677965942531,0.9957742068415497,0.9491016758028527,0.05089832419714733
16,0.9966548504253403,0.9614513568384083,0.038548643161591734,0.9963404793314069,0.9568736624648,0.043126337535200066
17,0.9968819471065238,0.9638611221718684,0.03613887782813164,0.9967251175589729,0.9609837781267556,0.03901622187324435
18,0.9968833587192304,0.9636744370477067,0.03632556295229329,0.9966342768561073,0.9595879944618683,0.040412005538131755
19,0.9966708511135906,0.9613108342371838,0.03868916576281626,0.996289928100611,0.955985038601167,0.04401496139883298
20,0.9970985939453917,0.9662459956057239,0.0337540043942761,0.9967949176915207,0.9617316871445779,0.03826831285542215
21,0.9971049458376671,0.9665389259765197,0.0334610740234803,0.9968336898593875,0.9621468687876623,0.03785313121233767
22,0.9971152580838804,0.9665683332220678,0.033431666777932155,0.9966683854833681,0.9598649173365001,0.04013508266349982
23,0.997060987259648,0.965950357014237,0.03404964298576291,0.9969592189841103,0.9634170205882419,0.03658297941175818
24,0.9972921175043485,0.9687558217900015,0.031244178209998454,0.9969469046122149,0.963544595877678,0.03645540412232193
25,0.9972565858924424,0.9680161245428679,0.03198387545713207,0.9969538419741636,0.9637611159804271,0.036238884019572835
26,0.9971184979536032,0.9664351431467728,0.03356485685322717,0.9959449099256978,0.9508692752460988,0.049130724753901275
27,0.9973349774811875,0.9689862802624702,0.031013719737529755,0.9965868058957552,0.9586764715655506,0.04132352843444947
28,0.9974825225596191,0.9708360388373946,0.02916396116260548,0.9970092536848888,0.9644580653797813,0.035541934620218665
29,0.9974167084441199,0.9699598940209164,0.030040105979083576,0.9970114875083779,0.9640888715086625,0.035911128491337534
30,0.9974889644797433,0.9709383207237163,0.02906167927628372,0.997214512256851,0.966629813114802,0.03337018688519796
31,0.997561431985501,0.9717693074295918,0.028230692570408184,0.9972140435674037,0.9667568085225005,0.03324319147749951
32,0.9975095388768186,0.9710124078048774,0.028987592195122563,0.9972316671097488,0.9668335319872488,0.033166468012751193
33,0.9975106297877797,0.9710950264979524,0.028904973502047578,0.9971853543878996,0.9662230902770806,0.03377690972291935
34,0.9976328859290882,0.9725192341931731,0.027480765806826932,0.9972757946765214,0.9672463385508074,0.03275366144919256
35,0.9973943886505059,0.9695205639895291,0.030479436010470866,0.9969635922570674,0.9635922414691824,0.036407758530817534
36,0.9976318710489057,0.9725887139507553,0.027411286049244695,0.9970410443973123,0.964597659501416,0.03540234049858405
37,0.9977085999926628,0.9735251871858075,0.026474812814192464,0.9973196510160178,0.9679833744701586,0.03201662552984137
38,0.9976652374610915,0.9727727371371455,0.027227262862854533,0.9962126542514528,0.954864718673522,0.04513528132647799
39,0.9969655031022447,0.963752522530873,0.03624747746912708,0.9973807304400449,0.9684790493974909,0.031520950602509125
40,0.9979051634974299,0.9755592157312653,0.024440784268734746,0.9972946887824967,0.9675139210116096,0.03248607898839036
41,0.9978380265879875,0.9748635617090248,0.025136438290975248,0.9974463392070859,0.9691312408063844,0.030868759193615605
42,0.9977653301729444,0.974028697215587,0.025971302784412925,0.9966943753741638,0.9602037366283568,0.03979626337164327
43,0.9977435338806514,0.9736189853988195,0.02638101460118043,0.9973292228771232,0.9679962481584465,0.03200375184155347
44,0.9977165305801825,0.9732523273393424,0.026747672660657536,0.9972822851343461,0.9674948500088084,0.03250514999119162
45,0.9978414773287481,0.9746653789338487,0.02533462106615131,0.9974009194656422,0.9687389969302896,0.031261003069710316
46,0.997519291817532,0.9709346924543555,0.029065307545644497,0.9972432211738581,0.9669841441668963,0.033015855833103784
47,0.9978762060970242,0.9751381235556644,0.02486187644433557,0.997490844400654,0.9697817052491227,0.03021829475087729
48,0.9979492610004562,0.9761115740331119,0.023888425966888144,0.9972213171640335,0.9663759398530101,0.033624060146989876
49,0.9974763383162998,0.9703237158164644,0.02967628418353566,0.9974536767218545,0.9694520965741392,0.030547903425860824
50,0.9979675976744695,0.9762448890799145,0.023755110920085545,0.997547373916322,0.9704906612373235,0.02950933876267651
51,0.9979018045600221,0.9754955714121897,0.024504428587810337,0.997512058730711,0.9701313569880369,0.02986864301196316
52,0.9979031270489707,0.9755984284201561,0.024401571579843934,0.9974189879950027,0.9689187901584726,0.031081209841527437
53,0.9979312014466489,0.9759461464610888,0.024053853538911246,0.9973947407993656,0.968592223368193,0.03140777663180703
54,0.9978853088220832,0.975528715516043,0.024471284483957013,0.9973718529207665,0.9684669628565075,0.03153303714349256
55,0.997975081238046,0.9763529253633398,0.023647074636660124,0.9975880174434673,0.9708372424656188,0.02916275753438124
56,0.9979417930569565,0.975975568869222,0.024024431130778023,0.99741635645865,0.9688353446143413,0.031164655385658754
57,0.9979057199817304,0.9754873895309648,0.02451261046903524,0.9968316156787482,0.9621618179201382,0.03783818207986173
58,0.9980051425552507,0.9767295367013641,0.023270463298635875,0.9973751304790988,0.9681737605068419,0.03182623949315813
59,0.9976139909408072,0.9720828020346095,0.0279171979653905,0.9975822181903828,0.9708830936000361,0.029116906399963893
60,0.998093321091599,0.9775802809418294,0.022419719058170653,0.9976819347568423,0.9718871070017592,0.028112892998240845
61,0.9981168163885847,0.9778965503325936,0.02210344966740636,0.9975680534602606,0.9707473360481318,0.029252663951868204
62,0.9979586403773367,0.9760753299322045,0.023924670067795535,0.9974251250513115,0.9689744440784231,0.031025555921576874
63,0.9980768916246138,0.9774675851480829,0.022532414851917162,0.9976658516982843,0.9715647879574034,0.028435212042596605
64,0.9980303000070547,0.9771067359816958,0.022893264018304167,0.9975252868662103,0.9701406462499272,0.029859353750072724
65,0.9980422018629591,0.977024300067484,0.02297569993251597,0.9975046959449674,0.9700537965311642,0.029946203468835843
66,0.9981257848289103,0.9780689676384828,0.021931032361517177,0.9976307856496315,0.9712206147044723,0.02877938529552772
67,0.9978618285678632,0.9749723986466552,0.02502760135334486,0.9976308268674633,0.9713008302258469,0.02869916977415308
68,0.9981664292274686,0.9785041794485865,0.021495820551413542,0.9977125420469289,0.9722884979251533,0.027711502074846746
69,0.9981015697339474,0.977803253421658,0.022196746578342037,0.9968454448277491,0.961539856174536,0.03846014382546408
70,0.9977924884324185,0.9742510412759774,0.025748958724022608,0.9977240321057582,0.9724168501663626,0.027583149833637372
71,0.9981940358506831,0.9787338476911275,0.02126615230887257,0.9977782187406082,0.9728891518816614,0.02711084811833867
72,0.9982020508345456,0.9789441230418215,0.0210558769581785,0.9976561698212958,0.9715946060523653,0.02840539394763478
73,0.9980890154729636,0.9775573450048067,0.022442654995193257,0.9976462884343158,0.9713909472638403,0.028609052736159653
74,0.9981484772386955,0.9782335587303367,0.02176644126966334,0.9973999613906905,0.9689302832236764,0.031069716776323596
75,0.9981305366218612,0.9780132355092214,0.021986764490778684,0.9975697926697675,0.9705601068355186,0.029439893164481337
76,0.9981965349431623,0.9788938506087016,0.021106149391298405,0.997591744433021,0.9705745008779548,0.029425499122045194
77,0.9981411830113646,0.9781571310122459,0.021842868987754074,0.9976398616767767,0.9713450314270126,0.028654968572987452
78,0.9980993044306661,0.9776830529652493,0.022316947034750765,0.9976723899966792,0.9716938275691361,0.028306172430863856
79,0.9981105706997608,0.9777900277370075,0.022209972262992497,0.9976405991099732,0.9714025971398019,0.028597402860198105
80,0.9981928814137191,0.97885526859403,0.02114473140596995,0.9976981751054351,0.9720372331508419,0.0279627668491581
81,0.9982017992249532,0.9788812643559704,0.021118735644029597,0.99744203338149,0.9691250007490666,0.03087499925093344
82,0.9982159202972873,0.9790881447472245,0.020911855252775533,0.9977476570254181,0.972587928568062,0.02741207143193797
83,0.9982170751590652,0.9790621655748079,0.02093783442519213,0.997613003292279,0.9711111064194239,0.02888889358057613
84,0.9982389988083589,0.979373541415522,0.020626458584478025,0.9977431698587903,0.9725074147620396,0.02749258523796037
85,0.9981058363786393,0.977855646176732,0.022144353823267925,0.9977561552622165,0.9727474882414466,0.027252511758553356
86,0.9982710601380694,0.9795472804151955,0.02045271958480453,0.9974266637922727,0.9686488124449351,0.031351187555064934
87,0.9982479498313185,0.979508056604897,0.02049194339510293,0.9977174050103851,0.9722079990638627,0.027792000936137304
88,0.9981918003388316,0.9787471975085505,0.021252802491449473,0.9977320634395058,0.9724774278308216,0.02752257216917841
89,0.997714833634203,0.9730917574260493,0.026908242573950723,0.9976035000113715,0.9709933544808661,0.029006645519133897
90,0.9982839721576338,0.979796621774198,0.020203378225801982,0.9976926232029123,0.972038762393402,0.02796123760659792
91,0.9983499420708731,0.9805577211953395,0.01944227880466054,0.9978017081119861,0.9731295250399769,0.026870474960023198
92,0.9983195300535326,0.9801863907504151,0.019813609249584856,0.9977332673400466,0.9725208727762713,0.027479127223728694
93,0.9981939590792035,0.9787141950092992,0.02128580499070081,0.9977894387049981,0.9731531864282681,0.026846813571731947
94,0.9983097387488649,0.980082234759864,0.019917765240135946,0.9977596568172438,0.9728430332670435,0.027156966732956513
95,0.998289414512658,0.9798957741661378,0.02010422583386215,0.997687936526293,0.9716287350706887,0.028371264929311316
96,0.9982050836020917,0.978784026861278,0.021215973138722064,0.9977436179393216,0.972553261452251,0.02744673854774899
97,0.9983168486941453,0.9800438389225662,0.019956161077433858,0.997738821769667,0.9724997076374745,0.02750029236252545
98,0.9982734151642051,0.9796616229615365,0.020338377038463515,0.9976378994726995,0.9710899530011311,0.02891004699886891
99,0.9981879688995449,0.9786899948808533,0.021310005119146658,0.9977584313928035,0.9726409131323385,0.027359086867661503
