epoch,acc,f1,loss,val_acc,val_f1,val_loss
0,0.9801750069821787,0.7364904053219218,0.26350959436151017,0.9882364327970304,0.8515267654033433,0.1484732345966568
1,0.9897569972172118,0.8752608545211672,0.12473914547883279,0.9913218526376618,0.889655606962784,0.11034439303721601
2,0.9917879656218646,0.9021052589193422,0.09789474108065778,0.9927004521701768,0.9092698349067342,0.09073016509326579
3,0.9929851454993089,0.9172321501030036,0.08276784989699634,0.9936333152721499,0.9221041518868062,0.07789584811319385
4,0.9937348061115944,0.9270592537648671,0.07294074623513291,0.9940875549501146,0.9272471350013164,0.0727528649986836
5,0.9941429621512778,0.931713665895469,0.068286334104531,0.9946849885565495,0.9353958080299416,0.06460419197005836
6,0.9945347933915624,0.9367393898554364,0.06326061014456359,0.9949564343394591,0.9385961507234657,0.0614038492765343
7,0.9949185831461385,0.9408892116220723,0.059110788377927756,0.9950631800712201,0.9393792516655393,0.06062074833446079
8,0.9951448379335,0.9440867458388471,0.05591325416115292,0.9952332356955573,0.9418714171090321,0.058128582890967874
9,0.9953568273316524,0.9464782585460715,0.05352174145392856,0.9953025908846604,0.9426747858960028,0.0573252141039971
10,0.9955321412250312,0.9483164302155114,0.0516835697844886,0.9951245919828526,0.9396562339705333,0.060343766029466665
11,0.9955991731727856,0.949110786468662,0.05088921353133798,0.9957635881085145,0.9480956441216302,0.05190435587836985
12,0.9957378632361777,0.9505634474410125,0.04943655255898746,0.9956694473648628,0.9470265898962467,0.052973410103753296
13,0.9959218320790787,0.9528966549326453,0.04710334506735467,0.9958584438029089,0.9496819071950968,0.050318092804903174
14,0.9960501655413393,0.9544406485531414,0.045559351446858624,0.9959610177323832,0.9508078444683761,0.049192155531623906
15,0.9961187743216927,0.9551012597498838,0.044898740250116205,0.9956028596089598,0.9455821630027559,0.05441783699724409
16,0.9961393646002688,0.9554330333958418,0.044566966604158195,0.9959566210619888,0.9500737221181741,0.049926277881825874
17,0.9962632867632902,0.9565758302001751,0.043424169799824906,0.9961084958754087,0.9523973843159034,0.04760261568409658
18,0.996311946657666,0.9572246262683854,0.04277537373161455,0.9960645926538964,0.9520902256345192,0.04790977436548088
19,0.9963531052769973,0.9575823953930747,0.042417604606925396,0.9963637235307554,0.9556539324466248,0.0443460675533752
20,0.996447641239093,0.9588414147518008,0.041158585248199125,0.996203462718523,0.9533809501873819,0.04661904981261805
21,0.996491666665377,0.9595425587626751,0.04045744123732486,0.9964173311988512,0.95605694968798,0.04394305031201993
22,0.9965094571377624,0.959539576994571,0.04046042300542893,0.9961882032759009,0.9535218680724066,0.04647813192759341
23,0.9965936477726315,0.9603342384056389,0.03966576159436103,0.9963948212084714,0.9558331399546032,0.04416686004539679
24,0.9966191188459508,0.9607385174964952,0.03926148250350478,0.9963271371279544,0.9550896103531994,0.044910389646800636
25,0.9966399382734508,0.9610689258126662,0.03893107418733382,0.9964922402075856,0.9570106475325356,0.04298935246746442
26,0.9967175421593656,0.9620568138814112,0.03794318611858881,0.9964677242246288,0.9569554911893711,0.04304450881062893
27,0.9967412504623507,0.9620872518015012,0.03791274819849876,0.9963151796867973,0.9555294608250696,0.04447053917493039
28,0.99665651774328,0.9610909174757394,0.038909082524260584,0.9964398851520136,0.9563518860186749,0.043648113981325024
29,0.9968204831933243,0.9631935261756356,0.0368064738243644,0.9965702302710354,0.95794174772257,0.042058252277430035
30,0.9968169250291342,0.963129881889238,0.036870118110762004,0.9961685053786339,0.9530550198335397,0.046944980166460336
31,0.99685657189952,0.9635714075871205,0.036428592412879594,0.996547364134189,0.9576282847171639,0.042371715282836155
32,0.9968783904999843,0.9638273779041412,0.03617262209585884,0.9965362765374239,0.9576237779001744,0.04237622209982565
33,0.9969135420451387,0.9641631180910688,0.03583688190893123,0.9965601236238117,0.9578999070483342,0.04210009295166584
34,0.9969096715665526,0.964138725195189,0.03586127480481103,0.9965236067597629,0.9572911258155142,0.04270887418448577
35,0.9969341326504946,0.9641449510375832,0.0358550489624167,0.9966093813292465,0.9583052158442854,0.04169478415571458
36,0.9970064941488685,0.9652507208309501,0.03474927916904988,0.9967134719093641,0.9598430217358104,0.040156978264189604
37,0.9970067626747646,0.9652405911457469,0.03475940885425311,0.9967156561058864,0.9596073067153407,0.04039269328465936
38,0.9969918764474099,0.9650183219179423,0.034981678082057606,0.9966845141603933,0.959534561512066,0.04046543848793409
39,0.997042956996208,0.9656660662234178,0.03433393377658219,0.9967677684293853,0.9603134022905813,0.039686597709418736
40,0.9970409655453343,0.9656700900815732,0.03432990991842677,0.9967945835482307,0.9606151239652383,0.03938487603476173
41,0.997080396152815,0.9658983161357063,0.03410168386429374,0.9967110174005491,0.9598211836048037,0.0401788163951963
42,0.9970925533327094,0.9660597976667491,0.033940202333250936,0.9967965246641148,0.9608166585540214,0.03918334144597862
43,0.9971359769938982,0.9665838883568844,0.03341611164311568,0.9965915343566247,0.9581782259700591,0.04182177402994089
44,0.9970999040384914,0.96607232007759,0.03392767992240992,0.996712488345584,0.9597453591332101,0.0402546408667899
45,0.9971601646175684,0.9670183982002979,0.03298160179970209,0.9967384106583066,0.9600375803590518,0.0399624196409482
46,0.9971472480666568,0.9667474234487579,0.03325257655124218,0.9968329547790059,0.9611581957392525,0.03884180426074747
47,0.9971449332889061,0.9667098070249746,0.033290192975025425,0.9966469480280291,0.9588603887554498,0.04113961124455023
48,0.9971981212191763,0.9673230108200458,0.032676989179954194,0.9966652633415328,0.9591790314393434,0.04082096856065661
49,0.9972070672424042,0.9675604870531991,0.03243951294680088,0.9968557980412628,0.9613955819990203,0.03860441800097973
50,0.9972247417188354,0.9676728675806383,0.03232713241936171,0.9968930721195818,0.9618976354076151,0.03810236459238488
51,0.997228287465391,0.9676372196242126,0.03236278037578739,0.9967905678595715,0.9606710969966058,0.039328903003394255
52,0.9972357561495918,0.9679085242055487,0.03209147579445128,0.9966606436329976,0.9591082460873308,0.04089175391266918
53,0.9972639147366522,0.968002674262426,0.031997325737573946,0.9968441530016431,0.9613122751838282,0.03868772481617175
54,0.9972850849405367,0.9685206040740013,0.03147939592599869,0.9968526304116723,0.961345784583984,0.038654215416015936
55,0.997269920656207,0.9681455140160016,0.031854485983998454,0.9969027559136787,0.961897231464149,0.03810276853585104
56,0.9972980679366846,0.9683772602298281,0.03162273977017194,0.9966950668403279,0.9594155036740832,0.040584496325916715
57,0.9972813414159225,0.9682536729399049,0.03174632706009505,0.996900771575713,0.9619131664696493,0.038086833530350736
58,0.99733847349185,0.9690669033218894,0.030933096678110592,0.9968937645007295,0.9618785910700497,0.038121408929950314
59,0.9973313519240994,0.9688876371024645,0.031112362897535512,0.9968517162123619,0.9615287554630062,0.0384712445369938
60,0.9973586130211924,0.9693075745034287,0.030692425496571245,0.996857314212629,0.9614993468885533,0.038500653111446674
61,0.9973509104715453,0.9691305862881286,0.03086941371187132,0.9968837495697173,0.9617095126917488,0.03829048730825123
62,0.997364149412565,0.9692732715728687,0.030726728427131273,0.9968719930328124,0.961681334247366,0.03831866575263397
63,0.997366141146648,0.9690761922025367,0.030923807797463315,0.9968445549844301,0.9610669984106432,0.03893300158935681
64,0.9973731737104599,0.9693488329322192,0.03065116706778083,0.9968765452504158,0.9616901233182316,0.038309876681768405
65,0.9973866872772662,0.9694539296130339,0.03054607038696607,0.9969529272520055,0.9625890708980505,0.03741092910194955
66,0.9973979700269581,0.9696964450420169,0.03030355495798309,0.9967383453023364,0.9598509295032038,0.04014907049679617
67,0.9974225474880976,0.9701459771621297,0.029854022837870302,0.9967732779376688,0.9604278837728222,0.03957211622717785
68,0.9974232394008609,0.9700451474636793,0.029954852536320686,0.9969729131076768,0.9626135292806124,0.03738647071938766
69,0.9974199264849487,0.9699786605738234,0.030021339426176588,0.9970063331444361,0.9631876625687058,0.03681233743129418
70,0.9974024981826718,0.9695555469162805,0.030444453083719427,0.996916385421976,0.9619028951689513,0.03809710483104862
71,0.9974447994204293,0.9700905691113388,0.029909430888661166,0.9969389613347444,0.96229173121048,0.03770826878952004
72,0.9974490377550934,0.9701545161919461,0.029845483808053866,0.9969463252968955,0.9624457196795453,0.03755428032045476
73,0.9974537786880606,0.9701802076564895,0.029819792343510523,0.9968612387950657,0.9613073711332522,0.038692628866747805
74,0.9974649224147113,0.9703817922534824,0.029618207746517588,0.9970042801391311,0.9631548513010232,0.036845148698976864
75,0.9974770968376893,0.970366058391873,0.029633941608127098,0.9969217840429635,0.9619487974988786,0.03805120250112132
76,0.9974685802140779,0.9703203486659896,0.02967965133401037,0.9969921237544009,0.9629904114973475,0.037009588502652464
77,0.9974670747828762,0.9703053332843453,0.029694666715654714,0.9969924789423134,0.9629611184286793,0.037038881571320764
78,0.9975030131812332,0.9708738907932015,0.029126109206798482,0.9968802240944048,0.9622594513739758,0.03774054862602412
79,0.9974965776768867,0.9707894741138171,0.029210525886182895,0.9970416463257974,0.9635541524454864,0.036445847554513584
80,0.9974657873791909,0.9702856580111366,0.029714341988863302,0.9969708856347709,0.9626098367990109,0.037390163200989104
81,0.997505656405412,0.9708426016333856,0.029157398366614393,0.9969815914219583,0.9627187721300543,0.03728122786994566
82,0.9975147747069771,0.9708682012292202,0.029131798770779756,0.9970586883307201,0.9637666055769251,0.03623339442307489
83,0.9975370108013788,0.9712545419144526,0.028745458085547414,0.9970004648318764,0.9630290016270521,0.03697099837294796
84,0.9975411378130404,0.971061454072856,0.028938545927143934,0.9969456103025821,0.9624098617343875,0.03759013826561253
85,0.9975473117410091,0.9712710460179557,0.02872895398204438,0.9970927528209157,0.9641206357301327,0.03587936426986728
86,0.9975664963542717,0.9713702664236751,0.028629733576324947,0.9970008866828785,0.963027845610652,0.03697215438934795
87,0.9975510257029394,0.9714366701589516,0.028563329841048396,0.9970129152313311,0.9631717100478056,0.03682828995219448
88,0.9975214390443605,0.9708406613453439,0.02915933865465616,0.9970567495240803,0.9637388700717374,0.03626112992826261
89,0.9975705398736816,0.97149365544537,0.02850634455462994,0.9970648035145643,0.963705770627797,0.036294229372203
90,0.9975689796523916,0.971469461569312,0.028530538430687976,0.9969640141952107,0.9625104764661594,0.03748952353384063
91,0.9975769261976606,0.9715791292031083,0.028420870796891682,0.9970639538433816,0.9637359705323364,0.03626402946766357
92,0.9975887431125892,0.9718470845088275,0.028152915491172444,0.996999305547678,0.9629187290692887,0.03708127093071129
93,0.9975898589568528,0.9717567161008803,0.028243283899119724,0.9970106615396271,0.9633038662243307,0.03669613377566923
94,0.997595329741724,0.9718212057449664,0.02817879425503357,0.9970903013184754,0.9640346796889054,0.03596532031109458
95,0.9975937179654663,0.9716451662478217,0.02835483375217831,0.9969245753528779,0.9618782693008233,0.038121730699176674
96,0.9975904107355235,0.9718020687326353,0.02819793126736468,0.9971016548268976,0.9641486963594866,0.03585130364051339
97,0.9976124355340736,0.971984527558524,0.02801547244147599,0.9968897702923992,0.9616703053838328,0.03832969461616717
98,0.9975835846312213,0.971601606580859,0.028398393419140962,0.9970410203463153,0.9634422076898709,0.03655779231012913
99,0.9976253797632386,0.9721121702735361,0.02788782972646387,0.9970887392236475,0.964176914191734,0.03582308580826598
