epoch,acc,f1,loss,lr,val_acc,val_f1,val_loss
0,0.9592239242871251,0.24012171282573083,0.7598782843720596,0.001,0.9543543278643515,0.29460015866608746,0.7053998466086598
1,0.9778002157675482,0.5128342265086001,0.4871657722819168,0.001,0.9828085999573226,0.31629085989125005,0.6837091382625884
2,0.9816100544634119,0.5656044143952627,0.43439558148384094,0.001,0.9747865347735649,0.4018726132612313,0.5981273972882634
3,0.9830133234505105,0.6202141920813417,0.3797858085780017,0.001,0.9838240563342001,0.4840745646341712,0.5159254459153234
4,0.9850058766592921,0.6549786219818402,0.34502137604012956,0.001,0.9858506511797948,0.5688825228572947,0.43111746659321065
5,0.9861123422078327,0.6868373082406753,0.31316269208899644,0.001,0.9832860880193457,0.4066732299011365,0.5933267700988635
6,0.9867614502400424,0.6953859614059988,0.30461403859400116,0.001,0.9862222740080504,0.5869148716462397,0.41308513890325493
7,0.9868597504311958,0.6905551489475554,0.30944484973375774,0.001,0.9867407843074968,0.6367548646125119,0.36324513538748815
8,0.9875003563619293,0.7115772279490412,0.28842277205095884,0.001,0.9853818210880313,0.522081925805691,0.47791807419430893
9,0.9877041135214072,0.7018881232469483,0.2981118770827234,0.001,0.9869330673091179,0.6377871384662864,0.36221286153371357
10,0.9883559214330353,0.7216468589232031,0.2783531409449282,0.001,0.9873133190965231,0.6431549945763783,0.3568450054236218
11,0.9881755195360268,0.7400110493191575,0.25998895068084243,0.001,0.985725320545973,0.5510303742062729,0.4489696257937271
12,0.9887567004271313,0.7531667512602511,0.24683324873974893,0.001,0.9881473030664224,0.6879428129280563,0.3120571870719437
13,0.9885958807658305,0.7480566542496724,0.2519433464096711,0.001,0.9873781362466053,0.6394938510076135,0.36050614899238653
14,0.989489263929097,0.7618974549448596,0.2381025449892061,0.001,0.9874062311332837,0.6724698427504143,0.32753015724958573
15,0.9890886154849973,0.7512515824189229,0.24874841771294584,0.001,0.9881516357438754,0.6663469366267719,0.3336530633732281
16,0.9892913000246065,0.7631133859400201,0.23688661340063652,0.0005,0.9886226184600222,0.6907085175007845,0.30929148249921545
17,0.9901236501415219,0.7935139848067697,0.2064860151932303,0.0005,0.9886226263721433,0.69442276722562,0.30557723277438004
18,0.9902950042644433,0.7878402257915091,0.21215977420849083,0.0005,0.9888494695182395,0.7217731148795744,0.2782268851204256
19,0.9903810203602884,0.791909207284978,0.20809079271502198,0.0005,0.9889207640580372,0.7223378994823557,0.2776621005176443
20,0.9906360997562915,0.8040850057011157,0.1959149942988843,0.0005,0.9882185965512706,0.65283068038721,0.34716931961279
21,0.9886274741286725,0.7409663863677894,0.2590336137640793,0.0005,0.9888754033409388,0.6833233290014014,0.31667667099859864
22,0.9903484770154531,0.7857773682448717,0.2142226324144718,0.0005,0.9892383834957021,0.7167085904990678,0.2832914095009323
23,0.9908375705765412,0.8028467864589354,0.19715321354106463,0.00025,0.9894198690895486,0.7285287058458919,0.2714712941541081
24,0.9909946174748177,0.8111991502542412,0.18880084974575886,0.00025,0.9894522644777214,0.7343547491900688,0.2656452508099311
25,0.9910768489394568,0.8132389476605221,0.18676105247134656,0.00025,0.9892534729653755,0.7262872452229525,0.2737127547770475
26,0.9910846824667096,0.8138745428120668,0.18612545728683472,0.00025,0.9892081169955498,0.7221786010581835,0.27782139894181646
27,0.9912752150434309,0.8072419595138162,0.19275803982684042,0.00025,0.9893226322874559,0.7262389601859371,0.27376103981406286
28,0.991391615530031,0.819733936174781,0.1802660638252191,0.000125,0.9895257132243266,0.7307126801625817,0.26928731983741827
29,0.9915658029834781,0.8270203713822154,0.17297962861778463,0.000125,0.9894068911012295,0.7348196063421469,0.2651803936578531
30,0.9915031466336377,0.8229194652717725,0.17708053472822746,0.000125,0.9894349891527564,0.7357303384131035,0.2642696615868965
31,0.9916176584969579,0.8283431321481424,0.171656867835374,0.000125,0.9895084247124933,0.7365638787767529,0.26343612122324717
32,0.9915289377744219,0.8198369090008525,0.18016309099914754,0.000125,0.9894954646583152,0.7289062026327691,0.271093797367231
33,0.9916682973899672,0.8262622390700652,0.17373776092993476,0.000125,0.9894025800502406,0.7306237706040914,0.2693762293959086
34,0.991750130347446,0.8271824076639868,0.17281759233601326,0.000125,0.9895473486554306,0.7349226437838732,0.2650773562161268
35,0.9917706533343391,0.8328676210568015,0.16713237894319855,6.25e-05,0.9896337405770226,0.7368987614074639,0.26310123859253604
36,0.9918491070249439,0.8299292088609881,0.17007079113901188,6.25e-05,0.989638052682961,0.7359764686727945,0.2640235313272054
37,0.9918924483050288,0.8126446467131969,0.1873553529777358,6.25e-05,0.9895214063931356,0.7323654457531145,0.2676345542468856
38,0.991596458759983,0.8172783838436667,0.1827216161563333,6.25e-05,0.9896250952661565,0.7286625836802795,0.2713374163197205
39,0.9918269615257735,0.8280364575639235,0.17196354243607648,3.125e-05,0.9896726212670318,0.7301867250847606,0.26981327491523943
40,0.9919371467776004,0.8334753228499826,0.1665246771500174,3.125e-05,0.9896661433498416,0.7301783799070173,0.2698216200929827
41,0.9919533537024945,0.8291669076522895,0.17083309234771055,3.125e-05,0.9897115140889599,0.7307286030423324,0.26927139695766755
42,0.9919809026528249,0.8382660648991577,0.16173393510084236,1.5625e-05,0.9897028930419314,0.7313863650887413,0.26861363491125867
43,0.9919688788662969,0.8275675639114549,0.17243243608854514,1.5625e-05,0.9896769486697374,0.7310055668375134,0.26899443316248667
44,0.9919763067654804,0.8338376381228455,0.16616236187715447,1.5625e-05,0.9897137052189987,0.7314730523961835,0.26852694760381646
45,0.9919912968061667,0.8329326478780898,0.16706735212191015,1e-05,0.9896920787549652,0.7313110153232001,0.26868898467679997
46,0.9919910283215279,0.8350784132438424,0.16492158675615767,1e-05,0.9897028766902147,0.7318539735490242,0.2681460264509758
47,0.991990351571446,0.8330710874334702,0.16692891268603569,1e-05,0.9896791229205849,0.7323126006970363,0.26768739930296365
48,0.9920141158905704,0.8391837654388057,0.16081623456119437,1e-05,0.9896964124873676,0.7316469507934773,0.2683530492065227
49,0.9920093902444418,0.8332200965522665,0.16677990344773352,1e-05,0.989698580935993,0.7315946511462726,0.26840534885372735
50,0.9920127652915178,0.8338986461141468,0.16610135388585318,1e-05,0.9896769655489288,0.731815167760427,0.26818483223957296
51,0.9920077674684271,0.8360685094267921,0.16393149057320788,1e-05,0.9896963924433277,0.7321824726805223,0.2678175273194777
52,0.9920499045236976,0.8342146356548883,0.16578536434511168,1e-05,0.9896856050575729,0.732026302181514,0.267973697818486
53,0.9920251862665194,0.8306116393676638,0.169388360681787,1e-05,0.9896877592643806,0.7306577478889871,0.269342252111013
54,0.9920470656546871,0.8317871278366157,0.16821287216338437,1e-05,0.9896899150536124,0.7302292822736555,0.26977071772634453
55,0.9920237006339352,0.8273056755089654,0.17269432439213306,1e-05,0.989715832524595,0.7311083131131872,0.26889168688681275
56,0.9920584129548706,0.8275939408129296,0.17240605918707047,1e-05,0.9897072151698897,0.7320842479182555,0.26791575208174445
57,0.9920123628282969,0.8299775105134576,0.17002248948654242,1e-05,0.9897115209461314,0.7317580401369955,0.2682419598630044
58,0.9920736654142362,0.8344454245757212,0.16555457542427873,1e-05,0.9897655348862167,0.7325029167453799,0.26749708325462
59,0.9920523330173662,0.8369966523837199,0.16300334761628008,1e-05,0.9897461053544441,0.73320105434519,0.26679894565481
60,0.9920364024892318,0.8370626109891233,0.16293738901087668,1e-05,0.9897396063382646,0.7334046738337626,0.2665953261662373
61,0.992019246109819,0.8338024869099655,0.16619751305706734,1e-05,0.9897179862039279,0.7338044875490982,0.2661955124509018
62,0.9920923026789606,0.8402989591117453,0.15970104088825463,1e-05,0.9897504095482615,0.7347364219944034,0.2652635780055966
63,0.9920837926653634,0.8336666242211266,0.16633337577887342,1e-05,0.9897633980860753,0.7342860113202998,0.2657139886797002
64,0.9920921642168433,0.8348126485284451,0.16518735147155492,1e-05,0.9897482569238781,0.7343272941302409,0.26567270586975905
65,0.9920750173319758,0.8326865368712265,0.16731346312877352,1e-05,0.9897461148489893,0.73243737537249,0.26756262462751
66,0.9920380128695901,0.8377308842882646,0.1622691157117354,1e-05,0.9897352979246494,0.7333059062999961,0.26669409370000385
67,0.9920646194863109,0.8340901098156397,0.16590989005249157,1e-05,0.9897201699493205,0.7339914493856177,0.26600855061438233
68,0.9920320766689503,0.8312857118558831,0.16871428806169897,1e-05,0.9896402211315865,0.734076840687642,0.26592315931235794
69,0.992049902677536,0.8277301469207865,0.1722698530792135,1e-05,0.9896423974923328,0.733572282094871,0.2664277179051289
70,0.9920555727671733,0.8303002562143106,0.16969974378568936,1e-05,0.9897050562158095,0.7330779654789815,0.26692203452101854
71,0.992085551529859,0.8238089528033691,0.17619104670212332,1e-05,0.9896294163391653,0.7332519160962738,0.26674808390372623
72,0.9920982430993983,0.8264295701432017,0.1735704298567983,1e-05,0.9896769513071111,0.7338461828442802,0.26615381715571984
73,0.9920701555973661,0.833610405172922,0.16638959482707807,1e-05,0.9896791123710902,0.7322652239715104,0.26773477602848966
74,0.9921070202789476,0.8345693806103901,0.16543061938960996,1e-05,0.9896748023750508,0.7322933473418244,0.26770665265817556
75,0.9920604326556214,0.8302297452382282,0.16977025476177182,1e-05,0.9896985556172059,0.7326025145243754,0.26739748547562453
76,0.9920886562461346,0.8307106473804575,0.16928935261954248,1e-05,0.9896942450936916,0.7331630772193977,0.2668369227806024
77,0.9921037778917667,0.8403620158149078,0.15963798418509223,1e-05,0.9897158546785337,0.732814633740788,0.26718536625921196
78,0.992111747243763,0.8347431019080424,0.1652568982238263,1e-05,0.9897439247738998,0.7337057078834128,0.2662942921165871
79,0.9921421292608819,0.839852776147623,0.16014722385237704,1e-05,0.9896942239947024,0.7340392069479006,0.26596079305209946
80,0.9920939236088137,0.8304289065103615,0.16957109348963847,1e-05,0.9897007077141146,0.7337861667692134,0.2662138332307866
81,0.9920908149364775,0.836775982010681,0.163224017989319,1e-05,0.9897115288582523,0.7332914070745485,0.2667085929254515
82,0.9921275437933154,0.8276237907399119,0.17237620860074473,1e-05,0.9897136925596052,0.732849233445868,0.26715076655413195
83,0.9921395646787323,0.8361752771698268,0.1638247228301732,1e-05,0.9896812729075947,0.7332442988336614,0.2667557011663386
84,0.9921155281826458,0.8331155455217952,0.16688445447820477,1e-05,0.9897115167263335,0.7328027671417304,0.26719723285826963
85,0.992153199900568,0.8340163837491938,0.16598361625080615,1e-05,0.989739627437254,0.7336678199008503,0.2663321800991497
86,0.9921175563229924,0.8299770918303886,0.17002290830148004,1e-05,0.9897223178264314,0.7338550275405952,0.2661449724594049
87,0.9920584082075979,0.8337609876046138,0.16623901239538616,1e-05,0.989631578458094,0.732322435990899,0.267677564009101
88,0.9920846036577646,0.8323130765847401,0.16768692341525998,1e-05,0.9896510301438053,0.7321055404907835,0.2678944595092166
89,0.9921317314152169,0.8408793601314578,0.15912063986854216,1e-05,0.9897137052189987,0.7323157207100792,0.2676842792899208
90,0.9921473958323487,0.8222731635370085,0.177726835803648,1e-05,0.9897244846926326,0.7329832030608591,0.26701679693914093
91,0.9921675158285461,0.8284806234646688,0.17151937653533125,1e-05,0.98971367304304,0.7326993499181967,0.2673006500818033
92,0.9921614364185164,0.8378580717814971,0.1621419281031178,1e-05,0.9897071982906983,0.7324888590162835,0.2675111409837166
93,0.9921552277771772,0.8378267935683242,0.16217320656354448,1e-05,0.9897093772888184,0.7327116595960297,0.26728834040397037
94,0.9921367287108328,0.8337222701680344,0.16627772983196562,1e-05,0.9896834424111696,0.7304980338147257,0.2695019661852744
95,0.9921388905660241,0.8350055990493404,0.1649944009506597,1e-05,0.9896510301438053,0.7309960264020261,0.26900397359797384
96,0.9921646811793335,0.839710245617723,0.16028975438227697,1e-05,0.9896899097788651,0.7312105751670568,0.26878942483294327
97,0.99218074568605,0.8342063622137087,0.16579363778629133,1e-05,0.9896855987278761,0.7320263913247438,0.2679736086752562
98,0.9921623813894997,0.8403088492629802,0.15969115073701975,1e-05,0.9897352794630337,0.7315006340499473,0.2684993659500527
99,0.9921830441571969,0.8343559914985589,0.16564400850144106,1e-05,0.9897050477762138,0.732090407768182,0.267909592231818
