epoch,acc,f1,loss,val_acc,val_f1,val_loss
0,0.9849865473185966,0.7179443588976662,0.2820556410127881,0.9919358673606885,0.8351689391200067,0.16483106089996133
1,0.9926280771334743,0.8612896143320798,0.1387103856779043,0.9942080845984582,0.8840463780278537,0.11595362193221023
2,0.9938839499322483,0.8847508222035929,0.1152491778338478,0.9949867183039935,0.9020246854080027,0.09797531460198126
3,0.9947160166396866,0.9018249523609926,0.09817504760905481,0.995434235008917,0.910877530878313,0.08912246910171892
4,0.9954523202298616,0.9173561163855293,0.08264388364192722,0.995903426159167,0.9201197556714517,0.07988024434851641
5,0.9951645413939343,0.910203498309077,0.0897965016509862,0.9959870312880831,0.9217535635135082,0.07824643648649181
6,0.9960410978083662,0.9280608217546665,0.07193917826405383,0.9963663193848065,0.9285121297117453,0.07148787024831851
7,0.9961642334644083,0.9300340625986737,0.06996593739883024,0.9965305200573588,0.9322398456496809,0.06776015429041493
8,0.9957675367883806,0.9205072343523993,0.0794927656933096,0.9966044250245469,0.9332469970536991,0.06675300294630092
9,0.9960384143243697,0.9264159238998027,0.07358407609520527,0.996007021707506,0.920680385398705,0.07931961454139083
10,0.9964761546595468,0.9369799139445789,0.06302008605542105,0.9967679384765114,0.9362377262594712,0.0637622736606566
11,0.9966704950022892,0.939057222183778,0.06094277783868644,0.9968129047796355,0.9374913906332236,0.0625086093468083
12,0.9968726863507483,0.9432395404931794,0.056760459511812696,0.9969742103437682,0.939260092133054,0.06073990792685018
13,0.9966573563899488,0.9393386039388992,0.06066139606110073,0.9969690252588422,0.9399947851347165,0.06000521492518772
14,0.9969013617101388,0.9434450376864268,0.056554962303588974,0.9966426205595135,0.9340785761973766,0.06592142388249563
15,0.9968776099585887,0.9428834673004471,0.05711653270953708,0.997076659466154,0.9419109106063843,0.0580890893137435
16,0.99701460041024,0.9458667582137799,0.05413324179370834,0.9971892003837343,0.9441439649767213,0.055856035103150944
17,0.9970976805588706,0.9485011289360499,0.05149887106395007,0.99715395085576,0.9434736168763945,0.05652638320347771
18,0.9970701447295836,0.9457366364174236,0.05426336358257645,0.9972327628527055,0.9442783594930192,0.05572164050698081
19,0.9968653291044016,0.942446048206739,0.057553951793261,0.9970474279905284,0.941491587477513,0.05850841246258274
20,0.9969613714845866,0.9435054175530122,0.05649458246695624,0.996994819992551,0.9403412321304756,0.05965876786952442
21,0.9973882529185996,0.9534892615853595,0.046510738414640505,0.9972373762721791,0.9456073424324918,0.054392657627412425
22,0.9974512930000169,0.9547043168909591,0.04529568310904082,0.9971957925576062,0.9450147094039661,0.05498529051616164
23,0.9974240894237674,0.9537409888375922,0.046259011162407854,0.9969649998985942,0.9389635056307168,0.06103649428941097
24,0.99730944627094,0.9511410252387269,0.0488589747612731,0.9973781670357913,0.9475423082434752,0.05245769175652483
25,0.9974264491822272,0.9535820503365976,0.04641794967089057,0.9974836273808375,0.9491223084866701,0.050877691433457675
26,0.9975855840169221,0.9567430466131445,0.043256953386855555,0.9974338486765697,0.948542447705165,0.05145755233477108
27,0.9974703541638518,0.9547372960423693,0.0452627039576306,0.9976017134073791,0.9514245197601254,0.048575480279810665
28,0.9976278208512538,0.9574341800085502,0.04256581999144983,0.9975938122875526,0.9514676066499259,0.04853239339001015
29,0.9975727396817357,0.9562996827171653,0.043700317282834765,0.9973522564873624,0.9469671144557359,0.05303288548435997
30,0.9976211677941628,0.9572336262028314,0.04276637379716861,0.9975645809716716,0.9508382831186905,0.04916171688130952
31,0.9975372091951349,0.9550125876937344,0.04498741230626556,0.9974726330295479,0.9490332922344431,0.05096670772562075
32,0.9977587231475645,0.9592869344609322,0.04071306553906789,0.9975530653143648,0.9506141493068868,0.04938585067314519
33,0.9973580230100884,0.9516820150930583,0.04831798490694167,0.9973239077595211,0.9461917839257961,0.05380821603426782
34,0.9977240393985629,0.9594776033406665,0.04052239665933349,0.9976482022347761,0.952296859295524,0.04770314074441216
35,0.9977130671148854,0.9587837610584773,0.04121623894152273,0.9976067351336455,0.9515416039494015,0.048458395970726334
36,0.9977202113324605,0.9588440911119177,0.0411559088880823,0.997655824600552,0.9521530920936035,0.04784690788642845
37,0.9978654066925942,0.9617221717604916,0.03827782825947679,0.9975052999691348,0.9495032251380396,0.05049677486196036
38,0.9977571483884365,0.959616066452071,0.04038393354792897,0.9976691249227604,0.9525188507346851,0.04748114934518709
39,0.9978741410219937,0.9605232715051568,0.03947672847487479,0.9976051490310848,0.9513260806824894,0.04867391931751066
40,0.9977971728489957,0.960582715084901,0.039417284915098945,0.9976270175659078,0.9517802696531542,0.04821973036681388
41,0.9976147033175455,0.9557556361356878,0.04424436385432796,0.9965025805947768,0.930271021485129,0.0697289784749349
42,0.9978053679849481,0.9606392587512603,0.03936074124873967,0.9976392067057803,0.9520003337157232,0.047999666324212924
43,0.9978980525566044,0.9618833466986659,0.0381166533013341,0.9976633984040175,0.9526987511109267,0.04730124892900937
44,0.997853448638409,0.9610310419144671,0.03896895808553286,0.9975589541334603,0.9509841749416524,0.04901582511825178
45,0.9977711964131608,0.95942981266217,0.040570187337829966,0.9976566269968822,0.9525684280810843,0.047431571998787884
46,0.9979371738608761,0.961436081573902,0.038563918393649345,0.9978146755914992,0.9555202741319411,0.0444797258081548
47,0.9979729529848793,0.9629608983130816,0.037039101666950014,0.9972533726013286,0.9455444919803434,0.054455507999688534
48,0.9979584958338095,0.9637293646939805,0.03627063530601947,0.9977771334112988,0.9545921386985523,0.045407861321415735
49,0.997644015807347,0.9562773083092554,0.04372269170072886,0.9974832664183036,0.9486873200391006,0.051312680000835525
50,0.9976326140325615,0.95615702243658,0.043842977574028205,0.9977086605538475,0.9532541905815278,0.046745809338599995
51,0.9977618877788962,0.9595371172121376,0.04046288276789394,0.9976427718822282,0.9523110940628116,0.04768890595715649
52,0.9979677917512051,0.9635838625524872,0.03641613744751277,0.9977694298953467,0.9543431671819894,0.04565683277807443
53,0.9979498915765035,0.9629834307777847,0.03701656924218364,0.9978117140892961,0.9553651279141157,0.044634872105852444
54,0.9975556540675702,0.954422082098711,0.045577917941225767,0.9974215807826874,0.9476704059633577,0.052329594026658204
55,0.9979015285500442,0.9624012026174333,0.03759879738256663,0.9977510607222616,0.9539629601753337,0.046037039804698233
56,0.9973043072630818,0.9492123525073459,0.0507876474527173,0.9969820129611784,0.9391067495997028,0.060893250410281236
57,0.9976558921728468,0.9583917471076114,0.04160825289238853,0.997761381810634,0.9539753296467127,0.04602467027341501
58,0.9978647851664811,0.9616152125797982,0.0383847874202018,0.997667912622193,0.9526655416392801,0.04733445838068798
59,0.9976435628324144,0.9561662665982807,0.04383373340171922,0.9974244446810366,0.9478536970651329,0.05214630295483511
60,0.9979519860339398,0.9633739105582698,0.036626089441730146,0.997837378950774,0.9556854462503788,0.04431455378955732
61,0.9979409368400125,0.9621688073453285,0.037831192634703095,0.9978215955609653,0.9553847899788388,0.04461521010103338
62,0.9979151800105367,0.9620217489244535,0.037978251075546546,0.9978019652055137,0.9552184629280563,0.04478153707194368
63,0.9979819986534234,0.9636016320790072,0.03639836792099282,0.9978019156847368,0.9552854402780133,0.04471455974195471
64,0.9978416096317694,0.960992658313398,0.039007341701578366,0.9978022933205967,0.9552590322654251,0.04474096777451098
65,0.9981195423552698,0.9663156838941742,0.033684316105825736,0.9978209246343105,0.9556887771616029,0.044311222838397
66,0.9978408812178617,0.9598201593134011,0.04017984069159096,0.9978162610550821,0.9553924179955743,0.04460758198445766
67,0.9980585625653738,0.9649901486702721,0.03500985132972787,0.9978857992482145,0.9567310247189635,0.043268975261068425
68,0.9980938179754256,0.9652359820106732,0.03476401800929518,0.9978918337542407,0.956763740700094,0.04323625924000189
69,0.9980571926300061,0.9643630652156583,0.03563693478434175,0.9976682571909535,0.9535214945898584,0.046478505390173626
70,0.9980408146486451,0.9646358776037417,0.03536412239625834,0.997898721934563,0.956900343283936,0.04309965667612788
71,0.9981630092044658,0.9672624131966624,0.032737586803337555,0.9973506361994912,0.9443903986732765,0.05560960130675554
72,0.9981251975579821,0.966048274094696,0.03395172590530406,0.9978672492444216,0.9564344909921962,0.043565508987835705
73,0.9980291219613794,0.9638886772932708,0.03611132272669761,0.9979043482935409,0.9571364412755023,0.04286355866459347
74,0.9980282914570826,0.9635684331794622,0.03643156683551408,0.9978766230482552,0.9564153120545686,0.043584687905495294
75,0.99803428722767,0.9638126871230768,0.03618731289689159,0.9979024508490635,0.956958945053107,0.043041055026765244
76,0.9977415268526088,0.9580653504873313,0.041934649527645,0.9978138906073131,0.9551303961169181,0.04486960382317778
77,0.9981424070859898,0.9665570140312272,0.03344298596877277,0.997929704688502,0.9574858602566935,0.04251413974330653
78,0.9979679799972083,0.9622590579100615,0.03774094208993852,0.9977377290901427,0.95391848957918,0.046081510340947804
79,0.9981910105278673,0.9665482865589727,0.03345171342105885,0.9979319784908838,0.9573181389963606,0.04268186094373515
80,0.9979219120156516,0.962088316686489,0.037911683313510997,0.9977852971509873,0.95485095107176,0.04514904896817615
81,0.9981154392635377,0.9656060460356664,0.03439395398430198,0.9976461402535239,0.9520415679319221,0.04795843211051008
82,0.9982035733287276,0.9662943472519626,0.03370565278048603,0.997927969863866,0.9573840280274051,0.042615971952626855
83,0.9982422270092561,0.9682788913504646,0.03172110864953537,0.99782908661681,0.9556277698008858,0.044372230219082216
84,0.9981930021051646,0.9665654895173802,0.03343451049260397,0.9979351674691717,0.9573815518887199,0.04261844817118429
85,0.9981449622990416,0.9666249792580509,0.03337502074194912,0.997979743197136,0.9581748824622763,0.041825117577659825
86,0.9980639240650234,0.9647371552763645,0.035262844723635486,0.9978156075405715,0.9550934224871535,0.04490657759271874
87,0.9982537394957829,0.9677560650758599,0.03224393493911645,0.9979400599621848,0.9575689665436545,0.04243103343637744
88,0.9982677835428039,0.968721371025182,0.031278628974818,0.9979483195485381,0.9575901676861684,0.042409832273895415
89,0.9982222750855102,0.9676648046906908,0.032335195309309214,0.9979457495799616,0.9576607154242357,0.04233928461570037
90,0.9982330991777775,0.9679172111487284,0.03208278885127156,0.9979916027842255,0.9585829168907561,0.041417083129211885
91,0.9981341664949935,0.9653860110450138,0.034613988969962574,0.9979590340874702,0.9577349178755103,0.042265082044617416
92,0.9983034308904116,0.9687802515118128,0.031219748480699097,0.9980126388907632,0.9588663501156435,0.04113364984442042
93,0.9979924194071828,0.9616757223507426,0.03832427765924161,0.9977703963492184,0.9544145641614444,0.04558543581858752
94,0.998244799551875,0.9685969396502863,0.03140306034971377,0.9979813607693517,0.9584304391638917,0.04156956085607634
95,0.9982933303986716,0.9682709561230723,0.031729043876927696,0.9978428767154763,0.9553627797906323,0.044637220269271874
96,0.998308465738157,0.9684537610076525,0.03154623900233175,0.9979734772214138,0.9581846016136246,0.04181539844627955
97,0.9977313397060449,0.9565378154178176,0.043462184602150865,0.9977656842076799,0.9541325019432272,0.04586749807674082
98,0.9982651291218001,0.9688835557288793,0.03111644427112068,0.9979176963793372,0.9571784151059699,0.0428215849539343
99,0.9982284915796882,0.9681271951632571,0.031872804836742916,0.997939502613828,0.9573933278096581,0.04260667223027803
