epoch,acc,f1,loss,val_acc,val_f1,val_loss
0,0.9857273422771792,0.7532244930303236,0.24677550688435873,0.9911763838076528,0.8503943327488009,0.14960566725119903
1,0.99201224142105,0.8675929214420902,0.1324070785621757,0.9925879286242749,0.8744780038362187,0.12552199616378135
2,0.9935076913993742,0.8948905387020573,0.10510946129794276,0.9941042540041453,0.9023230776103737,0.09767692238962639
3,0.9939941902672688,0.9022456248899285,0.09775437510073985,0.99472637450478,0.9121881602665792,0.08781183973342081
4,0.9944799423204123,0.9108177181294377,0.08918228187056228,0.9932098269640041,0.8807265152980901,0.1192734847019099
5,0.9948897997969387,0.9180330971087876,0.0819669028912124,0.9950887843067261,0.9201455169235678,0.07985448307643214
6,0.995217273566422,0.9238327720242312,0.07616722797576883,0.9953836796961603,0.9240610841744874,0.0759389158255126
7,0.9953694348771274,0.9262466811436915,0.07375331885630858,0.995505259568839,0.9266082049985939,0.07339179500140618
8,0.9956373612653625,0.9305654078306503,0.0694345921693497,0.9958182433333223,0.9305574156213404,0.06944258437865954
9,0.9958060245001873,0.9328256204145431,0.06717437957052627,0.9958142304862746,0.9317361983348724,0.06826380166512755
10,0.9957492259576576,0.9322020011436745,0.06779799885632556,0.9946156273957832,0.9122092186155617,0.08779078138443827
11,0.9960053580079138,0.9363522628212237,0.06364773717877628,0.9960311149439697,0.9340872637092296,0.06591273629077041
12,0.9960925028481863,0.937654341520669,0.0623456584793311,0.9962077969389793,0.9368304606088996,0.06316953939110037
13,0.9960095513587397,0.9352920980864518,0.06470790190501646,0.9963052227681928,0.9388758439686268,0.06112415603137325
14,0.9962776223536344,0.9407469430069029,0.05925305699309709,0.9961756178771154,0.9361543892162384,0.06384561078376162
15,0.9963707191129646,0.9422164539058708,0.05778354609412915,0.9963186293905248,0.939403242246127,0.060596757753873
16,0.996349911541169,0.9412341279160512,0.05876587207541704,0.9963586474084696,0.9399891221603822,0.06001087783961775
17,0.9964625891711313,0.9434468737568216,0.056553126243178396,0.9962193002600338,0.9366042374827451,0.06339576251725486
18,0.9964651113668181,0.9424834949093487,0.057516505062923086,0.9964401694243953,0.9407769047038655,0.05922309529613441
19,0.9965200786111978,0.9441219773663435,0.05587802263365654,0.9964479402170058,0.9414484669194931,0.05855153308050692
20,0.996437969331918,0.9421206759903461,0.0578793240096539,0.9959864129619365,0.9327927124632684,0.06720728753673161
21,0.9966201611335229,0.9459366908460699,0.05406330915393007,0.9965915637137512,0.943290978769086,0.05670902123091407
22,0.9966849680568831,0.9471366429188315,0.05286335708116851,0.9965234353249389,0.9427160712420347,0.05728392875796534
23,0.9965443005116402,0.9445707648049778,0.0554292351950222,0.9964228617452912,0.9403305461244813,0.05966945387551865
24,0.9967313044408578,0.9476257569155601,0.052374243084439935,0.9967138031142473,0.9452523582855014,0.05474764171449859
25,0.996817180688981,0.9490689758629111,0.0509310241370889,0.9965394944870553,0.9430548050798638,0.05694519492013613
26,0.9966341072075394,0.9455602696180746,0.054439730381925365,0.9966692963403265,0.9445265147143537,0.055473485285646384
27,0.9968376975595168,0.9493082554357222,0.050691744564277864,0.996647656161829,0.9445328222753856,0.05546717772461439
28,0.9968905247836842,0.9505994170422115,0.04940058295778854,0.9967344466468442,0.945710348438646,0.05428965156135397
29,0.9969082247678184,0.9506364791407136,0.049363520859286435,0.996749012334833,0.9457435707763122,0.054256429223687765
30,0.9968907487972245,0.9494398976243579,0.05056010238843978,0.9966907938717294,0.9446717088375115,0.05532829116248844
31,0.9969497312183784,0.9512619057282093,0.048738094271790655,0.9968237679097219,0.9467340581102851,0.05326594188971494
32,0.9969331285306541,0.9503138006460397,0.04968619935822621,0.9968272895456984,0.9471260325872897,0.052873967412710325
33,0.9968983806881513,0.950375185278053,0.049624814721946985,0.9967940362556603,0.9464150764722943,0.053584923527705684
34,0.9970413211956315,0.9527654988790766,0.047234501120923415,0.9965508184413326,0.9426115797746226,0.057388420225377344
35,0.9970270810776082,0.9525114119177451,0.04748858808225492,0.996770874742488,0.9460316195215513,0.05396838047844867
36,0.9969928545807963,0.951433863550009,0.04856613645852269,0.9968130185229255,0.947085056874974,0.052914943125026
37,0.9970772214139386,0.953039612173471,0.046960387826528976,0.9968210698525466,0.9468812907832767,0.05311870921672339
38,0.9970540351729938,0.952996928703945,0.047003071296055,0.9968542539826322,0.9473937971272802,0.05260620287271978
39,0.9970501591971505,0.9525244417770302,0.04747555822296975,0.996859357629488,0.9477437553053034,0.052256244694696564
40,0.9971115974624234,0.9535450771809757,0.046454922819024275,0.9967896067152916,0.9465842300245992,0.0534157699754008
41,0.9969792568025996,0.9509444569357854,0.04905554304715098,0.996688935528175,0.9447305595412037,0.05526944045879635
42,0.9970854196283363,0.9532661818232163,0.046733818176783674,0.9968736129542554,0.9477748752978062,0.05222512470219371
43,0.9971316670788569,0.9534253185001029,0.04657468149989706,0.9943863600987306,0.9052945689129608,0.09470543108703917
44,0.9970428700905204,0.9517264887061326,0.04827351131732975,0.9960463507183909,0.9331613684197437,0.06683863158025624
45,0.9970226425527485,0.9523895228285509,0.04761047717144902,0.9968904575012427,0.9478428513545372,0.05215714864546281
46,0.9972211753010548,0.9545993613572593,0.04540063865553834,0.996945223324517,0.9490506658163128,0.05094933418368715
47,0.9971186249252926,0.9534589320029611,0.046541067997038936,0.9969896034974352,0.949630963717705,0.05036903628229508
48,0.997209118884195,0.9552413372398156,0.04475866276018435,0.9967901081914934,0.9462797240431224,0.05372027595687756
49,0.9971604316224555,0.9542072290992802,0.045792770900719766,0.996722777882461,0.9452687677725011,0.05473123222749886
50,0.9971637126558621,0.9543485416803886,0.045651458319611336,0.9969643302475971,0.949325369693809,0.05067463030619104
51,0.9972170057931107,0.9550468333276457,0.044953166672354224,0.9967634793847447,0.945782023430089,0.05421797656991099
52,0.9972122499495784,0.9550059914097498,0.04499400859025017,0.9969187490680462,0.9482862027830157,0.05171379721698435
53,0.9972391622529466,0.9555966311321377,0.044403368867862295,0.9967784100718396,0.94614896836538,0.05385103163462003
54,0.9972721126888985,0.9561824324149373,0.043817567585062764,0.996983620625761,0.9496178406491308,0.05038215935086925
55,0.9972455044014688,0.9555636497787612,0.04443635022123885,0.9969261299358478,0.9486214175784519,0.05137858242154818
56,0.9972945203564353,0.9565841105237438,0.04341588947625619,0.9969134081355979,0.9483712383538577,0.05162876164614233
57,0.99723863762935,0.9557617134299301,0.044238286570069896,0.9970428439659801,0.9503922867608428,0.0496077132391572
58,0.9973274354316173,0.9572458325535087,0.042754167446491284,0.9969837191887605,0.9494789775111593,0.050521022488840744
59,0.9973155082710582,0.9568188667880936,0.04318113321190637,0.9970064605755261,0.9498048260437723,0.05019517395622772
60,0.9973299060015698,0.9571033294049851,0.042896670595014924,0.9970625978038713,0.9506810079335648,0.04931899206643523
61,0.9973106270719498,0.9566886756665236,0.043311324333476384,0.9969689857982953,0.9491283874747598,0.05087161252524017
62,0.9973154873699304,0.9565902323819897,0.043409767618010325,0.9970416149827714,0.950681228005953,0.049318771994047036
63,0.9973137545829982,0.9560829160727492,0.04391708392725075,0.995894296914868,0.930705379746316,0.06929462025368403
64,0.9973194402664971,0.9567441501228656,0.0432558498771344,0.9969313136698331,0.9491853050577891,0.05081469494221097
65,0.9972723811683126,0.9554297800808876,0.044570219936175916,0.997009690214948,0.9499406171229974,0.05005938287700259
66,0.9967332989602811,0.9466348158815288,0.05336518412700298,0.9968881230440034,0.9482895461647259,0.05171045383527409
67,0.9972823583913544,0.956142896772308,0.043857103227691964,0.9970804447777203,0.9510142678904886,0.048985732109511446
68,0.9974030554490817,0.9583713393753849,0.04162866062461513,0.9970213609313441,0.950056374366513,0.049943625633486984
69,0.9973312689875052,0.9567277031825849,0.04327229680035158,0.9970980596394934,0.9513704552964958,0.048629544703504224
70,0.997373745950681,0.9573899940817004,0.04261000591829952,0.997005734829426,0.9499968831978425,0.05000311680215748
71,0.9974011015323472,0.9580084087529166,0.04199159124708344,0.9970635487003232,0.9508768055333341,0.0491231944666659
72,0.9974001543455879,0.9580498657192162,0.04195013428078376,0.9970296787516735,0.950287219210751,0.049712780789248956
73,0.9973773595916905,0.9577970831135034,0.04220291688649654,0.9970936413675625,0.9513352183382167,0.04866478166178331
74,0.997393512100622,0.9578680797482686,0.042131920251731375,0.9969700331624043,0.9492084076624889,0.050791592337511036
75,0.9974195257169253,0.9583935540082347,0.04160644599176532,0.9970447323336765,0.9505256707556644,0.04947432924433562
76,0.9974144690807568,0.9582849751168988,0.041715024883101214,0.9970603032468671,0.9507627746472719,0.04923722535272815
77,0.9974347727543291,0.958720919707506,0.04127908029249404,0.9970868498097167,0.9513236784544595,0.0486763215455405
78,0.9971717164619581,0.9542499091731622,0.045750090826837814,0.9969162193344424,0.9483667363706056,0.051633263629394396
79,0.9974052044822548,0.9582790736205961,0.041720926379403944,0.9971253988424227,0.9517766315544183,0.04822336844558174
80,0.9974645503106977,0.9591316962978589,0.040868303702141125,0.9970896445461309,0.951545432262864,0.04845456773713598
81,0.997401518048192,0.9578299554684117,0.04217004453158837,0.9971058861531985,0.9514350552241116,0.04856494477588833
82,0.99748954744692,0.9593727621151072,0.04062723787209508,0.9971324452676275,0.9517832892287519,0.04821671077124813
83,0.9974481537658703,0.9588381234033972,0.04116187659660277,0.9971141762631354,0.9518169537041586,0.04818304629584133
84,0.9973205861257363,0.9554621973392914,0.0445378026521768,0.9971372263068174,0.9520339433180157,0.0479660566819843
85,0.9974532025698748,0.9586888494497993,0.041311150550200695,0.9964183057267737,0.9398721428544309,0.06012785714556913
86,0.9974177504315452,0.9582474741595551,0.04175252584044487,0.9970821524340714,0.9510775688900429,0.04892243110995706
87,0.9974590146378809,0.9591265560896001,0.040873443910399945,0.9971269521532525,0.9518944417285057,0.048105558271494354
88,0.997326725620855,0.9560760649615458,0.043923935046985954,0.9970047972285022,0.9498246065887487,0.0501753934112513
89,0.9974679119795598,0.9592814071787058,0.04071859282129414,0.9971582500178093,0.9523495483900773,0.04765045160992263
90,0.9975214992649026,0.9596979799952762,0.04030202000472381,0.9970539302251518,0.9506041714447028,0.04939582855529724
91,0.9975011594558758,0.9591907109196155,0.040809289063321014,0.9971554525922585,0.9521741655688372,0.047825834431162846
92,0.9974867552070926,0.959549048203156,0.04045095179684398,0.9971104018551424,0.9514882799127483,0.04851172008725167
93,0.9974891245117722,0.9595416577715308,0.040458342228469266,0.9971623845926527,0.9523889844897795,0.04761101551022055
94,0.9975160681216136,0.9598489172616111,0.040151082738388896,0.997094997518267,0.9513077066142057,0.048692293385794304
95,0.9974817265312377,0.9590856310790992,0.0409143689209008,0.997146953698847,0.9522295804841677,0.047770419515832295
96,0.9975285157627424,0.9601193121789995,0.03988068782100048,0.9970859809455819,0.9510737526980542,0.04892624730194583
97,0.9975426368557623,0.9604093868314533,0.03959061316854678,0.9972102324481847,0.9531394592145594,0.04686054078544059
98,0.9975152681556481,0.959854503425437,0.040145496574563046,0.9970945639598278,0.9511165486077706,0.048883451392229355
99,0.9974827225418983,0.9594719099352107,0.04052809006478927,0.9970074098680515,0.9500425737651915,0.049957426234808464
